<?xml version="1.0" encoding="UTF-8"?>
<!-- Generated by org.testng.reporters.JUnitXMLReporter -->
<testsuite ignored="0" hostname="ANANYA" failures="0" tests="3" name="Default test" time="61.433" errors="0" timestamp="2023-10-06T21:02:35 IST">
  <testcase classname="TestNg.DataProviders" name="facebook" time="49.534"/>
  <testcase classname="TestNg.DataProviders" name="facebook" time="5.511"/>
  <testcase classname="TestNg.DataProviders" name="facebook" time="6.35"/>
</testsuite> <!-- Default test -->
