<?xml version="1.0" encoding="UTF-8"?>
<testng-results ignored="0" total="3" passed="3" failed="0" skipped="0">
  <reporter-output>
  </reporter-output>
  <suite started-at="2023-10-06T21:01:33 IST" name="Default suite" finished-at="2023-10-06T21:02:35 IST" duration-ms="61433">
    <groups>
    </groups>
    <test started-at="2023-10-06T21:01:33 IST" name="Default test" finished-at="2023-10-06T21:02:35 IST" duration-ms="61433">
      <class name="TestNg.DataProviders">
        <test-method signature="facebook(java.lang.String,java.lang.String)[pri:0, instance:TestNg.DataProviders@3f6b0be5]" started-at="2023-10-06T21:01:33 IST" name="facebook" data-provider="getData" finished-at="2023-10-06T21:02:23 IST" duration-ms="49534" status="PASS">
          <params>
            <param index="0">
              <value>
                <![CDATA[suresh]]>
              </value>
            </param>
            <param index="1">
              <value>
                <![CDATA[kumar]]>
              </value>
            </param>
          </params>
          <reporter-output>
          </reporter-output>
        </test-method> <!-- facebook -->
        <test-method signature="facebook(java.lang.String,java.lang.String)[pri:0, instance:TestNg.DataProviders@3f6b0be5]" started-at="2023-10-06T21:02:23 IST" name="facebook" data-provider="getData" finished-at="2023-10-06T21:02:28 IST" duration-ms="5511" status="PASS">
          <params>
            <param index="0">
              <value>
                <![CDATA[java]]>
              </value>
            </param>
            <param index="1">
              <value>
                <![CDATA[selenium]]>
              </value>
            </param>
          </params>
          <reporter-output>
          </reporter-output>
        </test-method> <!-- facebook -->
        <test-method signature="facebook(java.lang.String,java.lang.String)[pri:0, instance:TestNg.DataProviders@3f6b0be5]" started-at="2023-10-06T21:02:28 IST" name="facebook" data-provider="getData" finished-at="2023-10-06T21:02:35 IST" duration-ms="6350" status="PASS">
          <params>
            <param index="0">
              <value>
                <![CDATA[qspider]]>
              </value>
            </param>
            <param index="1">
              <value>
                <![CDATA[trainer]]>
              </value>
            </param>
          </params>
          <reporter-output>
          </reporter-output>
        </test-method> <!-- facebook -->
      </class> <!-- TestNg.DataProviders -->
    </test> <!-- Default test -->
  </suite> <!-- Default suite -->
</testng-results>
